[debug] [2024-09-16T22:09:55.380Z] ----------------------------------------------------------------------
[debug] [2024-09-16T22:09:55.381Z] Command:       /usr/local/bin/node /usr/local/bin/firebase init
[debug] [2024-09-16T22:09:55.381Z] CLI Version:   13.17.0
[debug] [2024-09-16T22:09:55.381Z] Platform:      darwin
[debug] [2024-09-16T22:09:55.381Z] Node Version:  v20.17.0
[debug] [2024-09-16T22:09:55.382Z] Time:          Tue Sep 17 2024 03:39:55 GMT+0530 (India Standard Time)
[debug] [2024-09-16T22:09:55.382Z] ----------------------------------------------------------------------
[debug] 
[debug] [2024-09-16T22:09:55.385Z] > command requires scopes: ["email","openid","https://www.googleapis.com/auth/cloudplatformprojects.readonly","https://www.googleapis.com/auth/firebase","https://www.googleapis.com/auth/cloud-platform"]
[debug] [2024-09-16T22:09:55.385Z] > authorizing via signed-in user (vettrithamil@gmail.com)
[info] 
     ######## #### ########  ######## ########     ###     ######  ########
     ##        ##  ##     ## ##       ##     ##  ##   ##  ##       ##
     ######    ##  ########  ######   ########  #########  ######  ######
     ##        ##  ##    ##  ##       ##     ## ##     ##       ## ##
     ##       #### ##     ## ######## ########  ##     ##  ######  ########

You're about to initialize a Firebase project in this directory:

  /Users/kavi/Projects/react/hexaware_application

[info] 
=== Project Setup
[info] 
[info] First, let's associate this project directory with a Firebase project.
[info] You can create multiple project aliases by running firebase use --add, 
[info] but for now we'll just set up a default project.
[info] 
[info] i  If you want to create a project in a Google Cloud organization or folder, please use "firebase projects:create" instead, and return to this command when you've created the project. 
[debug] [2024-09-16T22:11:23.239Z] >>> [apiv2][query] POST https://cloudresourcemanager.googleapis.com/v1/projects [none]
[debug] [2024-09-16T22:11:23.240Z] >>> [apiv2][body] POST https://cloudresourcemanager.googleapis.com/v1/projects {"projectId":"hexaware@1997","name":"hexaware"}
[debug] [2024-09-16T22:11:24.695Z] <<< [apiv2][status] POST https://cloudresourcemanager.googleapis.com/v1/projects 400
[debug] [2024-09-16T22:11:24.695Z] <<< [apiv2][body] POST https://cloudresourcemanager.googleapis.com/v1/projects {"error":{"code":400,"message":"field [project_id] has issue [project_id contains invalid characters]","status":"INVALID_ARGUMENT","details":[{"@type":"type.googleapis.com/google.rpc.BadRequest","fieldViolations":[{"field":"project_id","description":"project_id contains invalid characters"}]},{"@type":"type.googleapis.com/google.rpc.Help","links":[{"url":"https://cloud.google.com/resource-manager/reference/rest/v1/projects"}]}]}}
[debug] [2024-09-16T22:11:24.842Z] FirebaseError: HTTP Error: 400, field [project_id] has issue [project_id contains invalid characters]
    at responseToError (/usr/local/lib/node_modules/firebase-tools/lib/responseToError.js:49:12)
    at RetryOperation._fn (/usr/local/lib/node_modules/firebase-tools/lib/apiv2.js:305:77)
    at process.processTicksAndRejections (node:internal/process/task_queues:95:5)
[error] 
[error] Error: Failed to create project. See firebase-debug.log for more info.
[debug] [2024-09-16T22:11:36.411Z] ----------------------------------------------------------------------
[debug] [2024-09-16T22:11:36.412Z] Command:       /usr/local/bin/node /usr/local/bin/firebase init
[debug] [2024-09-16T22:11:36.413Z] CLI Version:   13.17.0
[debug] [2024-09-16T22:11:36.413Z] Platform:      darwin
[debug] [2024-09-16T22:11:36.413Z] Node Version:  v20.17.0
[debug] [2024-09-16T22:11:36.413Z] Time:          Tue Sep 17 2024 03:41:36 GMT+0530 (India Standard Time)
[debug] [2024-09-16T22:11:36.413Z] ----------------------------------------------------------------------
[debug] 
[debug] [2024-09-16T22:11:36.416Z] > command requires scopes: ["email","openid","https://www.googleapis.com/auth/cloudplatformprojects.readonly","https://www.googleapis.com/auth/firebase","https://www.googleapis.com/auth/cloud-platform"]
[debug] [2024-09-16T22:11:36.416Z] > authorizing via signed-in user (vettrithamil@gmail.com)
[info] 
     ######## #### ########  ######## ########     ###     ######  ########
     ##        ##  ##     ## ##       ##     ##  ##   ##  ##       ##
     ######    ##  ########  ######   ########  #########  ######  ######
     ##        ##  ##    ##  ##       ##     ## ##     ##       ## ##
     ##       #### ##     ## ######## ########  ##     ##  ######  ########

You're about to initialize a Firebase project in this directory:

  /Users/kavi/Projects/react/hexaware_application

